"/usr/bin/clang -o conftest -I/Users/takuya/.rvm/rubies/ruby-2.0.0-p645/include/ruby-2.0.0/x86_64-darwin14.4.0 -I/Users/takuya/.rvm/rubies/ruby-2.0.0-p645/include/ruby-2.0.0/ruby/backward -I/Users/takuya/.rvm/rubies/ruby-2.0.0-p645/include/ruby-2.0.0 -I. -D_XOPEN_SOURCE -D_DARWIN_C_SOURCE -D_DARWIN_UNLIMITED_SELECT -D_REENTRANT -I/usr/local/opt/libyaml/include -I/usr/local/opt/readline/include -I/usr/local/opt/libksba/include -I/usr/local/opt/openssl/include    -O3 -fno-fast-math -ggdb3 -Wall -Wextra -Wno-unused-parameter -Wno-parentheses -Wno-long-long -Wno-missing-field-initializers -Wunused-variable -Wpointer-arith -Wwrite-strings -Wdeclaration-after-statement -Wshorten-64-to-32 -Wimplicit-function-declaration  -fno-common -pipe  conftest.c  -L. -L/Users/takuya/.rvm/rubies/ruby-2.0.0-p645/lib -L/usr/local/opt/libyaml/lib -L/usr/local/opt/readline/lib -L/usr/local/opt/libksba/lib -L/usr/local/opt/openssl/lib -L. -fstack-protector -L/usr/local/opt/libyaml/lib -L/usr/local/opt/readline/lib -L/usr/local/opt/libksba/lib -L/usr/local/opt/openssl/lib      -lruby.2.0.0  -lpthread -ldl -lobjc  "
/Users/takuya/.rvm/rubies/ruby-2.0.0-p645/lib/ruby/2.0.0/mkmf.rb:373: warning: Insecure world writable dir /Users/takuya in PATH, mode 040777
checked program was:
/* begin */
1: #include "ruby.h"
2: 
3: int main(int argc, char **argv)
4: {
5:   return 0;
6: }
/* end */

"/usr/bin/clang -I/Users/takuya/.rvm/rubies/ruby-2.0.0-p645/include/ruby-2.0.0/x86_64-darwin14.4.0 -I/Users/takuya/.rvm/rubies/ruby-2.0.0-p645/include/ruby-2.0.0/ruby/backward -I/Users/takuya/.rvm/rubies/ruby-2.0.0-p645/include/ruby-2.0.0 -I. -D_XOPEN_SOURCE -D_DARWIN_C_SOURCE -D_DARWIN_UNLIMITED_SELECT -D_REENTRANT -I/usr/local/opt/libyaml/include -I/usr/local/opt/readline/include -I/usr/local/opt/libksba/include -I/usr/local/opt/openssl/include    -O3 -fno-fast-math -ggdb3 -Wall -Wextra -Wno-unused-parameter -Wno-parentheses -Wno-long-long -Wno-missing-field-initializers -Wunused-variable -Wpointer-arith -Wwrite-strings -Wdeclaration-after-statement -Wshorten-64-to-32 -Wimplicit-function-declaration  -fno-common -pipe    -Werror -c conftest.c"
checked program was:
/* begin */
1: #include "ruby.h"
2: 
3: int main() {return 0;}
/* end */

"/usr/bin/clang -I/Users/takuya/.rvm/rubies/ruby-2.0.0-p645/include/ruby-2.0.0/x86_64-darwin14.4.0 -I/Users/takuya/.rvm/rubies/ruby-2.0.0-p645/include/ruby-2.0.0/ruby/backward -I/Users/takuya/.rvm/rubies/ruby-2.0.0-p645/include/ruby-2.0.0 -I. -D_XOPEN_SOURCE -D_DARWIN_C_SOURCE -D_DARWIN_UNLIMITED_SELECT -D_REENTRANT -I/usr/local/opt/libyaml/include -I/usr/local/opt/readline/include -I/usr/local/opt/libksba/include -I/usr/local/opt/openssl/include    -O3 -fno-fast-math -ggdb3 -Wall -Wextra -Wno-unused-parameter -Wno-parentheses -Wno-long-long -Wno-missing-field-initializers -Wunused-variable -Wpointer-arith -Wwrite-strings -Wdeclaration-after-statement -Wshorten-64-to-32 -Wimplicit-function-declaration  -fno-common -pipe  -Wno-error=unused-command-line-argument-hard-error-in-future   -Werror -c conftest.c"
error: unknown warning option '-Werror=unused-command-line-argument-hard-error-in-future'; did you mean '-Werror=unused-command-line-argument'? [-Werror,-Wunknown-warning-option]
checked program was:
/* begin */
1: #include "ruby.h"
2: 
3: int main() {return 0;}
/* end */

"/usr/bin/clang -o conftest -I/Users/takuya/.rvm/rubies/ruby-2.0.0-p645/include/ruby-2.0.0/x86_64-darwin14.4.0 -I/Users/takuya/.rvm/rubies/ruby-2.0.0-p645/include/ruby-2.0.0/ruby/backward -I/Users/takuya/.rvm/rubies/ruby-2.0.0-p645/include/ruby-2.0.0 -I. -D_XOPEN_SOURCE -D_DARWIN_C_SOURCE -D_DARWIN_UNLIMITED_SELECT -D_REENTRANT -I/usr/local/opt/libyaml/include -I/usr/local/opt/readline/include -I/usr/local/opt/libksba/include -I/usr/local/opt/openssl/include    -O3 -fno-fast-math -ggdb3 -Wall -Wextra -Wno-unused-parameter -Wno-parentheses -Wno-long-long -Wno-missing-field-initializers -Wunused-variable -Wpointer-arith -Wwrite-strings -Wdeclaration-after-statement -Wshorten-64-to-32 -Wimplicit-function-declaration  -fno-common -pipe  conftest.c  -L. -L/Users/takuya/.rvm/rubies/ruby-2.0.0-p645/lib -L/usr/local/opt/libyaml/lib -L/usr/local/opt/readline/lib -L/usr/local/opt/libksba/lib -L/usr/local/opt/openssl/lib -L. -fstack-protector -L/usr/local/opt/libyaml/lib -L/usr/local/opt/readline/lib -L/usr/local/opt/libksba/lib -L/usr/local/opt/openssl/lib      -lruby.2.0.0 -L/usr/local/Cellar/libxml2/2.9.2/lib -lxml2 -lpthread -ldl -lobjc  "
checked program was:
/* begin */
1: #include "ruby.h"
2: 
3: int main(int argc, char **argv)
4: {
5:   return 0;
6: }
/* end */

package configuration for libxml-2.0
cflags: -I/usr/local/Cellar/libxml2/2.9.2/include/libxml2
ldflags: -L/usr/local/Cellar/libxml2/2.9.2/lib
libs: -lxml2

"/usr/bin/clang -o conftest -I/Users/takuya/.rvm/rubies/ruby-2.0.0-p645/include/ruby-2.0.0/x86_64-darwin14.4.0 -I/Users/takuya/.rvm/rubies/ruby-2.0.0-p645/include/ruby-2.0.0/ruby/backward -I/Users/takuya/.rvm/rubies/ruby-2.0.0-p645/include/ruby-2.0.0 -I. -D_XOPEN_SOURCE -D_DARWIN_C_SOURCE -D_DARWIN_UNLIMITED_SELECT -D_REENTRANT -I/usr/local/opt/libyaml/include -I/usr/local/opt/readline/include -I/usr/local/opt/libksba/include -I/usr/local/opt/openssl/include    -O3 -fno-fast-math -ggdb3 -Wall -Wextra -Wno-unused-parameter -Wno-parentheses -Wno-long-long -Wno-missing-field-initializers -Wunused-variable -Wpointer-arith -Wwrite-strings -Wdeclaration-after-statement -Wshorten-64-to-32 -Wimplicit-function-declaration  -fno-common -pipe  -I/usr/local/Cellar/libxml2/2.9.2/include/libxml2 conftest.c  -L. -L/Users/takuya/.rvm/rubies/ruby-2.0.0-p645/lib -L/usr/local/opt/libyaml/lib -L/usr/local/opt/readline/lib -L/usr/local/opt/libksba/lib -L/usr/local/opt/openssl/lib -L. -fstack-protector -L/usr/local/opt/libyaml/lib -L/usr/local/opt/readline/lib -L/usr/local/opt/libksba/lib -L/usr/local/opt/openssl/lib  -L/usr/local/Cellar/libxml2/2.9.2/lib     -lxml2 -lruby.2.0.0 -L/usr/local/Cellar/libxslt/1.1.28_1/lib -L/usr/local/Cellar/libxml2/2.9.2/lib -lxslt -lxml2 -lz -lpthread -liconv -lm -lxml2 -lpthread -ldl -lobjc  "
checked program was:
/* begin */
1: #include "ruby.h"
2: 
3: int main(int argc, char **argv)
4: {
5:   return 0;
6: }
/* end */

package configuration for libxslt
cflags: -I/usr/local/Cellar/libxslt/1.1.28_1/include -I/usr/local/Cellar/libxml2/2.9.2/include/libxml2
ldflags: -L/usr/local/Cellar/libxslt/1.1.28_1/lib -L/usr/local/Cellar/libxml2/2.9.2/lib
libs: -lxslt -lxml2 -lz -lpthread -liconv -lm -lxml2

"/usr/bin/clang -o conftest -I/Users/takuya/.rvm/rubies/ruby-2.0.0-p645/include/ruby-2.0.0/x86_64-darwin14.4.0 -I/Users/takuya/.rvm/rubies/ruby-2.0.0-p645/include/ruby-2.0.0/ruby/backward -I/Users/takuya/.rvm/rubies/ruby-2.0.0-p645/include/ruby-2.0.0 -I. -D_XOPEN_SOURCE -D_DARWIN_C_SOURCE -D_DARWIN_UNLIMITED_SELECT -D_REENTRANT -I/usr/local/opt/libyaml/include -I/usr/local/opt/readline/include -I/usr/local/opt/libksba/include -I/usr/local/opt/openssl/include    -O3 -fno-fast-math -ggdb3 -Wall -Wextra -Wno-unused-parameter -Wno-parentheses -Wno-long-long -Wno-missing-field-initializers -Wunused-variable -Wpointer-arith -Wwrite-strings -Wdeclaration-after-statement -Wshorten-64-to-32 -Wimplicit-function-declaration  -fno-common -pipe  -I/usr/local/Cellar/libxml2/2.9.2/include/libxml2 -I/usr/local/Cellar/libxslt/1.1.28_1/include -I/usr/local/Cellar/libxml2/2.9.2/include/libxml2 conftest.c  -L. -L/Users/takuya/.rvm/rubies/ruby-2.0.0-p645/lib -L/usr/local/opt/libyaml/lib -L/usr/local/opt/readline/lib -L/usr/local/opt/libksba/lib -L/usr/local/opt/openssl/lib -L. -fstack-protector -L/usr/local/opt/libyaml/lib -L/usr/local/opt/readline/lib -L/usr/local/opt/libksba/lib -L/usr/local/opt/openssl/lib  -L/usr/local/Cellar/libxml2/2.9.2/lib -L/usr/local/Cellar/libxslt/1.1.28_1/lib -L/usr/local/Cellar/libxml2/2.9.2/lib     -lxml2 -lxslt -lxml2 -lz -lpthread -liconv -lm -lxml2 -lruby.2.0.0 -L/usr/local/Cellar/libxslt/1.1.28_1/lib -L/usr/local/Cellar/libxml2/2.9.2/lib -lexslt -lxslt -lxml2 -lz -lpthread -liconv -lm -lxml2 -lpthread -ldl -lobjc  "
checked program was:
/* begin */
1: #include "ruby.h"
2: 
3: int main(int argc, char **argv)
4: {
5:   return 0;
6: }
/* end */

package configuration for libexslt
cflags: -I/usr/local/Cellar/libxslt/1.1.28_1/include -I/usr/local/Cellar/libxml2/2.9.2/include/libxml2
ldflags: -L/usr/local/Cellar/libxslt/1.1.28_1/lib -L/usr/local/Cellar/libxml2/2.9.2/lib
libs: -lexslt -lxslt -lxml2 -lz -lpthread -liconv -lm -lxml2

"/usr/bin/clang -E -I/Users/takuya/.rvm/rubies/ruby-2.0.0-p645/include/ruby-2.0.0/x86_64-darwin14.4.0 -I/Users/takuya/.rvm/rubies/ruby-2.0.0-p645/include/ruby-2.0.0/ruby/backward -I/Users/takuya/.rvm/rubies/ruby-2.0.0-p645/include/ruby-2.0.0 -I. -D_XOPEN_SOURCE -D_DARWIN_C_SOURCE -D_DARWIN_UNLIMITED_SELECT -D_REENTRANT -I/usr/local/opt/libyaml/include -I/usr/local/opt/readline/include -I/usr/local/opt/libksba/include -I/usr/local/opt/openssl/include    -O3 -fno-fast-math -ggdb3 -Wall -Wextra -Wno-unused-parameter -Wno-parentheses -Wno-long-long -Wno-missing-field-initializers -Wunused-variable -Wpointer-arith -Wwrite-strings -Wdeclaration-after-statement -Wshorten-64-to-32 -Wimplicit-function-declaration  -fno-common -pipe  -I/usr/local/Cellar/libxml2/2.9.2/include/libxml2 -I/usr/local/Cellar/libxslt/1.1.28_1/include -I/usr/local/Cellar/libxml2/2.9.2/include/libxml2 -I/usr/local/Cellar/libxslt/1.1.28_1/include -I/usr/local/Cellar/libxml2/2.9.2/include/libxml2  conftest.c -o conftest.i"
checked program was:
/* begin */
1: #include "ruby.h"
2: 
3: #include <libxml/xmlversion.h>
4: 
5: #if LIBXML_VERSION < 20621
6: #error libxml2 is way too old
7: #endif
/* end */

"/usr/bin/clang -E -I/Users/takuya/.rvm/rubies/ruby-2.0.0-p645/include/ruby-2.0.0/x86_64-darwin14.4.0 -I/Users/takuya/.rvm/rubies/ruby-2.0.0-p645/include/ruby-2.0.0/ruby/backward -I/Users/takuya/.rvm/rubies/ruby-2.0.0-p645/include/ruby-2.0.0 -I. -D_XOPEN_SOURCE -D_DARWIN_C_SOURCE -D_DARWIN_UNLIMITED_SELECT -D_REENTRANT -I/usr/local/opt/libyaml/include -I/usr/local/opt/readline/include -I/usr/local/opt/libksba/include -I/usr/local/opt/openssl/include    -O3 -fno-fast-math -ggdb3 -Wall -Wextra -Wno-unused-parameter -Wno-parentheses -Wno-long-long -Wno-missing-field-initializers -Wunused-variable -Wpointer-arith -Wwrite-strings -Wdeclaration-after-statement -Wshorten-64-to-32 -Wimplicit-function-declaration  -fno-common -pipe  -I/usr/local/Cellar/libxml2/2.9.2/include/libxml2 -I/usr/local/Cellar/libxslt/1.1.28_1/include -I/usr/local/Cellar/libxml2/2.9.2/include/libxml2 -I/usr/local/Cellar/libxslt/1.1.28_1/include -I/usr/local/Cellar/libxml2/2.9.2/include/libxml2  conftest.c -o conftest.i"
checked program was:
/* begin */
1: #include "ruby.h"
2: 
3: #include <libxml/xmlversion.h>
4: 
5: #if LIBXML_VERSION < 20902
6: #error libxml2 is too old
7: #endif
/* end */

have_func: checking for xmlParseDoc() in libxml/parser.h... -------------------- yes

"/usr/bin/clang -o conftest -I/Users/takuya/.rvm/rubies/ruby-2.0.0-p645/include/ruby-2.0.0/x86_64-darwin14.4.0 -I/Users/takuya/.rvm/rubies/ruby-2.0.0-p645/include/ruby-2.0.0/ruby/backward -I/Users/takuya/.rvm/rubies/ruby-2.0.0-p645/include/ruby-2.0.0 -I. -D_XOPEN_SOURCE -D_DARWIN_C_SOURCE -D_DARWIN_UNLIMITED_SELECT -D_REENTRANT -I/usr/local/opt/libyaml/include -I/usr/local/opt/readline/include -I/usr/local/opt/libksba/include -I/usr/local/opt/openssl/include    -O3 -fno-fast-math -ggdb3 -Wall -Wextra -Wno-unused-parameter -Wno-parentheses -Wno-long-long -Wno-missing-field-initializers -Wunused-variable -Wpointer-arith -Wwrite-strings -Wdeclaration-after-statement -Wshorten-64-to-32 -Wimplicit-function-declaration  -fno-common -pipe  -I/usr/local/Cellar/libxml2/2.9.2/include/libxml2 -I/usr/local/Cellar/libxslt/1.1.28_1/include -I/usr/local/Cellar/libxml2/2.9.2/include/libxml2 -I/usr/local/Cellar/libxslt/1.1.28_1/include -I/usr/local/Cellar/libxml2/2.9.2/include/libxml2 conftest.c  -L. -L/Users/takuya/.rvm/rubies/ruby-2.0.0-p645/lib -L/usr/local/opt/libyaml/lib -L/usr/local/opt/readline/lib -L/usr/local/opt/libksba/lib -L/usr/local/opt/openssl/lib -L. -fstack-protector -L/usr/local/opt/libyaml/lib -L/usr/local/opt/readline/lib -L/usr/local/opt/libksba/lib -L/usr/local/opt/openssl/lib  -L/usr/local/Cellar/libxml2/2.9.2/lib -L/usr/local/Cellar/libxslt/1.1.28_1/lib -L/usr/local/Cellar/libxml2/2.9.2/lib -L/usr/local/Cellar/libxslt/1.1.28_1/lib -L/usr/local/Cellar/libxml2/2.9.2/lib     -lxml2 -lxslt -lxml2 -lz -lpthread -liconv -lm -lxml2 -lexslt -lxslt -lxml2 -lz -lpthread -liconv -lm -lxml2 -lruby.2.0.0  -lxml2 -lxslt -lxml2 -lz -lpthread -liconv -lm -lxml2 -lexslt -lxslt -lxml2 -lz -lpthread -liconv -lm -lxml2 -lpthread -ldl -lobjc  "
checked program was:
/* begin */
 1: #include "ruby.h"
 2: 
 3: #include <libxml/parser.h>
 4: 
 5: /*top*/
 6: extern int t(void);
 7: int t(void) { void ((*volatile p)()); p = (void ((*)()))xmlParseDoc; return 0; }
 8: int main(int argc, char **argv)
 9: {
10:   if (argc > 1000000) {
11:     printf("%p", &t);
12:   }
13: 
14:   return 0;
15: }
/* end */

--------------------

have_func: checking for xsltParseStylesheetDoc() in libxslt/xslt.h... -------------------- yes

"/usr/bin/clang -o conftest -I/Users/takuya/.rvm/rubies/ruby-2.0.0-p645/include/ruby-2.0.0/x86_64-darwin14.4.0 -I/Users/takuya/.rvm/rubies/ruby-2.0.0-p645/include/ruby-2.0.0/ruby/backward -I/Users/takuya/.rvm/rubies/ruby-2.0.0-p645/include/ruby-2.0.0 -I. -D_XOPEN_SOURCE -D_DARWIN_C_SOURCE -D_DARWIN_UNLIMITED_SELECT -D_REENTRANT -I/usr/local/opt/libyaml/include -I/usr/local/opt/readline/include -I/usr/local/opt/libksba/include -I/usr/local/opt/openssl/include    -O3 -fno-fast-math -ggdb3 -Wall -Wextra -Wno-unused-parameter -Wno-parentheses -Wno-long-long -Wno-missing-field-initializers -Wunused-variable -Wpointer-arith -Wwrite-strings -Wdeclaration-after-statement -Wshorten-64-to-32 -Wimplicit-function-declaration  -fno-common -pipe  -I/usr/local/Cellar/libxml2/2.9.2/include/libxml2 -I/usr/local/Cellar/libxslt/1.1.28_1/include -I/usr/local/Cellar/libxml2/2.9.2/include/libxml2 -I/usr/local/Cellar/libxslt/1.1.28_1/include -I/usr/local/Cellar/libxml2/2.9.2/include/libxml2 conftest.c  -L. -L/Users/takuya/.rvm/rubies/ruby-2.0.0-p645/lib -L/usr/local/opt/libyaml/lib -L/usr/local/opt/readline/lib -L/usr/local/opt/libksba/lib -L/usr/local/opt/openssl/lib -L. -fstack-protector -L/usr/local/opt/libyaml/lib -L/usr/local/opt/readline/lib -L/usr/local/opt/libksba/lib -L/usr/local/opt/openssl/lib  -L/usr/local/Cellar/libxml2/2.9.2/lib -L/usr/local/Cellar/libxslt/1.1.28_1/lib -L/usr/local/Cellar/libxml2/2.9.2/lib -L/usr/local/Cellar/libxslt/1.1.28_1/lib -L/usr/local/Cellar/libxml2/2.9.2/lib     -lxml2 -lxslt -lxml2 -lz -lpthread -liconv -lm -lxml2 -lexslt -lxslt -lxml2 -lz -lpthread -liconv -lm -lxml2 -lruby.2.0.0  -lxml2 -lxslt -lxml2 -lz -lpthread -liconv -lm -lxml2 -lexslt -lxslt -lxml2 -lz -lpthread -liconv -lm -lxml2 -lpthread -ldl -lobjc  "
conftest.c:7:57: error: use of undeclared identifier 'xsltParseStylesheetDoc'
int t(void) { void ((*volatile p)()); p = (void ((*)()))xsltParseStylesheetDoc; return 0; }
                                                        ^
1 error generated.
checked program was:
/* begin */
 1: #include "ruby.h"
 2: 
 3: #include <libxslt/xslt.h>
 4: 
 5: /*top*/
 6: extern int t(void);
 7: int t(void) { void ((*volatile p)()); p = (void ((*)()))xsltParseStylesheetDoc; return 0; }
 8: int main(int argc, char **argv)
 9: {
10:   if (argc > 1000000) {
11:     printf("%p", &t);
12:   }
13: 
14:   return 0;
15: }
/* end */

"/usr/bin/clang -o conftest -I/Users/takuya/.rvm/rubies/ruby-2.0.0-p645/include/ruby-2.0.0/x86_64-darwin14.4.0 -I/Users/takuya/.rvm/rubies/ruby-2.0.0-p645/include/ruby-2.0.0/ruby/backward -I/Users/takuya/.rvm/rubies/ruby-2.0.0-p645/include/ruby-2.0.0 -I. -D_XOPEN_SOURCE -D_DARWIN_C_SOURCE -D_DARWIN_UNLIMITED_SELECT -D_REENTRANT -I/usr/local/opt/libyaml/include -I/usr/local/opt/readline/include -I/usr/local/opt/libksba/include -I/usr/local/opt/openssl/include    -O3 -fno-fast-math -ggdb3 -Wall -Wextra -Wno-unused-parameter -Wno-parentheses -Wno-long-long -Wno-missing-field-initializers -Wunused-variable -Wpointer-arith -Wwrite-strings -Wdeclaration-after-statement -Wshorten-64-to-32 -Wimplicit-function-declaration  -fno-common -pipe  -I/usr/local/Cellar/libxml2/2.9.2/include/libxml2 -I/usr/local/Cellar/libxslt/1.1.28_1/include -I/usr/local/Cellar/libxml2/2.9.2/include/libxml2 -I/usr/local/Cellar/libxslt/1.1.28_1/include -I/usr/local/Cellar/libxml2/2.9.2/include/libxml2 conftest.c  -L. -L/Users/takuya/.rvm/rubies/ruby-2.0.0-p645/lib -L/usr/local/opt/libyaml/lib -L/usr/local/opt/readline/lib -L/usr/local/opt/libksba/lib -L/usr/local/opt/openssl/lib -L. -fstack-protector -L/usr/local/opt/libyaml/lib -L/usr/local/opt/readline/lib -L/usr/local/opt/libksba/lib -L/usr/local/opt/openssl/lib  -L/usr/local/Cellar/libxml2/2.9.2/lib -L/usr/local/Cellar/libxslt/1.1.28_1/lib -L/usr/local/Cellar/libxml2/2.9.2/lib -L/usr/local/Cellar/libxslt/1.1.28_1/lib -L/usr/local/Cellar/libxml2/2.9.2/lib     -lxml2 -lxslt -lxml2 -lz -lpthread -liconv -lm -lxml2 -lexslt -lxslt -lxml2 -lz -lpthread -liconv -lm -lxml2 -lruby.2.0.0  -lxml2 -lxslt -lxml2 -lz -lpthread -liconv -lm -lxml2 -lexslt -lxslt -lxml2 -lz -lpthread -liconv -lm -lxml2 -lpthread -ldl -lobjc  "
conftest.c:7:15: warning: implicit declaration of function 'xsltParseStylesheetDoc' is invalid in C99 [-Wimplicit-function-declaration]
int t(void) { xsltParseStylesheetDoc(); return 0; }
              ^
1 warning generated.
checked program was:
/* begin */
 1: #include "ruby.h"
 2: 
 3: #include <libxslt/xslt.h>
 4: 
 5: /*top*/
 6: extern int t(void);
 7: int t(void) { xsltParseStylesheetDoc(); return 0; }
 8: int main(int argc, char **argv)
 9: {
10:   if (argc > 1000000) {
11:     printf("%p", &t);
12:   }
13: 
14:   return 0;
15: }
/* end */

--------------------

have_func: checking for exsltFuncRegister() in libexslt/exslt.h... -------------------- yes

"/usr/bin/clang -o conftest -I/Users/takuya/.rvm/rubies/ruby-2.0.0-p645/include/ruby-2.0.0/x86_64-darwin14.4.0 -I/Users/takuya/.rvm/rubies/ruby-2.0.0-p645/include/ruby-2.0.0/ruby/backward -I/Users/takuya/.rvm/rubies/ruby-2.0.0-p645/include/ruby-2.0.0 -I. -D_XOPEN_SOURCE -D_DARWIN_C_SOURCE -D_DARWIN_UNLIMITED_SELECT -D_REENTRANT -I/usr/local/opt/libyaml/include -I/usr/local/opt/readline/include -I/usr/local/opt/libksba/include -I/usr/local/opt/openssl/include    -O3 -fno-fast-math -ggdb3 -Wall -Wextra -Wno-unused-parameter -Wno-parentheses -Wno-long-long -Wno-missing-field-initializers -Wunused-variable -Wpointer-arith -Wwrite-strings -Wdeclaration-after-statement -Wshorten-64-to-32 -Wimplicit-function-declaration  -fno-common -pipe  -I/usr/local/Cellar/libxml2/2.9.2/include/libxml2 -I/usr/local/Cellar/libxslt/1.1.28_1/include -I/usr/local/Cellar/libxml2/2.9.2/include/libxml2 -I/usr/local/Cellar/libxslt/1.1.28_1/include -I/usr/local/Cellar/libxml2/2.9.2/include/libxml2 conftest.c  -L. -L/Users/takuya/.rvm/rubies/ruby-2.0.0-p645/lib -L/usr/local/opt/libyaml/lib -L/usr/local/opt/readline/lib -L/usr/local/opt/libksba/lib -L/usr/local/opt/openssl/lib -L. -fstack-protector -L/usr/local/opt/libyaml/lib -L/usr/local/opt/readline/lib -L/usr/local/opt/libksba/lib -L/usr/local/opt/openssl/lib  -L/usr/local/Cellar/libxml2/2.9.2/lib -L/usr/local/Cellar/libxslt/1.1.28_1/lib -L/usr/local/Cellar/libxml2/2.9.2/lib -L/usr/local/Cellar/libxslt/1.1.28_1/lib -L/usr/local/Cellar/libxml2/2.9.2/lib     -lxml2 -lxslt -lxml2 -lz -lpthread -liconv -lm -lxml2 -lexslt -lxslt -lxml2 -lz -lpthread -liconv -lm -lxml2 -lruby.2.0.0  -lxml2 -lxslt -lxml2 -lz -lpthread -liconv -lm -lxml2 -lexslt -lxslt -lxml2 -lz -lpthread -liconv -lm -lxml2 -lpthread -ldl -lobjc  "
checked program was:
/* begin */
 1: #include "ruby.h"
 2: 
 3: #include <libexslt/exslt.h>
 4: 
 5: /*top*/
 6: extern int t(void);
 7: int t(void) { void ((*volatile p)()); p = (void ((*)()))exsltFuncRegister; return 0; }
 8: int main(int argc, char **argv)
 9: {
10:   if (argc > 1000000) {
11:     printf("%p", &t);
12:   }
13: 
14:   return 0;
15: }
/* end */

--------------------

have_func: checking for xmlHasFeature()... -------------------- yes

"/usr/bin/clang -o conftest -I/Users/takuya/.rvm/rubies/ruby-2.0.0-p645/include/ruby-2.0.0/x86_64-darwin14.4.0 -I/Users/takuya/.rvm/rubies/ruby-2.0.0-p645/include/ruby-2.0.0/ruby/backward -I/Users/takuya/.rvm/rubies/ruby-2.0.0-p645/include/ruby-2.0.0 -I. -D_XOPEN_SOURCE -D_DARWIN_C_SOURCE -D_DARWIN_UNLIMITED_SELECT -D_REENTRANT -I/usr/local/opt/libyaml/include -I/usr/local/opt/readline/include -I/usr/local/opt/libksba/include -I/usr/local/opt/openssl/include    -O3 -fno-fast-math -ggdb3 -Wall -Wextra -Wno-unused-parameter -Wno-parentheses -Wno-long-long -Wno-missing-field-initializers -Wunused-variable -Wpointer-arith -Wwrite-strings -Wdeclaration-after-statement -Wshorten-64-to-32 -Wimplicit-function-declaration  -fno-common -pipe  -I/usr/local/Cellar/libxml2/2.9.2/include/libxml2 -I/usr/local/Cellar/libxslt/1.1.28_1/include -I/usr/local/Cellar/libxml2/2.9.2/include/libxml2 -I/usr/local/Cellar/libxslt/1.1.28_1/include -I/usr/local/Cellar/libxml2/2.9.2/include/libxml2 conftest.c  -L. -L/Users/takuya/.rvm/rubies/ruby-2.0.0-p645/lib -L/usr/local/opt/libyaml/lib -L/usr/local/opt/readline/lib -L/usr/local/opt/libksba/lib -L/usr/local/opt/openssl/lib -L. -fstack-protector -L/usr/local/opt/libyaml/lib -L/usr/local/opt/readline/lib -L/usr/local/opt/libksba/lib -L/usr/local/opt/openssl/lib  -L/usr/local/Cellar/libxml2/2.9.2/lib -L/usr/local/Cellar/libxslt/1.1.28_1/lib -L/usr/local/Cellar/libxml2/2.9.2/lib -L/usr/local/Cellar/libxslt/1.1.28_1/lib -L/usr/local/Cellar/libxml2/2.9.2/lib     -lxml2 -lxslt -lxml2 -lz -lpthread -liconv -lm -lxml2 -lexslt -lxslt -lxml2 -lz -lpthread -liconv -lm -lxml2 -lruby.2.0.0  -lxml2 -lxslt -lxml2 -lz -lpthread -liconv -lm -lxml2 -lexslt -lxslt -lxml2 -lz -lpthread -liconv -lm -lxml2 -lpthread -ldl -lobjc  "
conftest.c:5:57: error: use of undeclared identifier 'xmlHasFeature'
int t(void) { void ((*volatile p)()); p = (void ((*)()))xmlHasFeature; return 0; }
                                                        ^
1 error generated.
checked program was:
/* begin */
 1: #include "ruby.h"
 2: 
 3: /*top*/
 4: extern int t(void);
 5: int t(void) { void ((*volatile p)()); p = (void ((*)()))xmlHasFeature; return 0; }
 6: int main(int argc, char **argv)
 7: {
 8:   if (argc > 1000000) {
 9:     printf("%p", &t);
10:   }
11: 
12:   return 0;
13: }
/* end */

"/usr/bin/clang -o conftest -I/Users/takuya/.rvm/rubies/ruby-2.0.0-p645/include/ruby-2.0.0/x86_64-darwin14.4.0 -I/Users/takuya/.rvm/rubies/ruby-2.0.0-p645/include/ruby-2.0.0/ruby/backward -I/Users/takuya/.rvm/rubies/ruby-2.0.0-p645/include/ruby-2.0.0 -I. -D_XOPEN_SOURCE -D_DARWIN_C_SOURCE -D_DARWIN_UNLIMITED_SELECT -D_REENTRANT -I/usr/local/opt/libyaml/include -I/usr/local/opt/readline/include -I/usr/local/opt/libksba/include -I/usr/local/opt/openssl/include    -O3 -fno-fast-math -ggdb3 -Wall -Wextra -Wno-unused-parameter -Wno-parentheses -Wno-long-long -Wno-missing-field-initializers -Wunused-variable -Wpointer-arith -Wwrite-strings -Wdeclaration-after-statement -Wshorten-64-to-32 -Wimplicit-function-declaration  -fno-common -pipe  -I/usr/local/Cellar/libxml2/2.9.2/include/libxml2 -I/usr/local/Cellar/libxslt/1.1.28_1/include -I/usr/local/Cellar/libxml2/2.9.2/include/libxml2 -I/usr/local/Cellar/libxslt/1.1.28_1/include -I/usr/local/Cellar/libxml2/2.9.2/include/libxml2 conftest.c  -L. -L/Users/takuya/.rvm/rubies/ruby-2.0.0-p645/lib -L/usr/local/opt/libyaml/lib -L/usr/local/opt/readline/lib -L/usr/local/opt/libksba/lib -L/usr/local/opt/openssl/lib -L. -fstack-protector -L/usr/local/opt/libyaml/lib -L/usr/local/opt/readline/lib -L/usr/local/opt/libksba/lib -L/usr/local/opt/openssl/lib  -L/usr/local/Cellar/libxml2/2.9.2/lib -L/usr/local/Cellar/libxslt/1.1.28_1/lib -L/usr/local/Cellar/libxml2/2.9.2/lib -L/usr/local/Cellar/libxslt/1.1.28_1/lib -L/usr/local/Cellar/libxml2/2.9.2/lib     -lxml2 -lxslt -lxml2 -lz -lpthread -liconv -lm -lxml2 -lexslt -lxslt -lxml2 -lz -lpthread -liconv -lm -lxml2 -lruby.2.0.0  -lxml2 -lxslt -lxml2 -lz -lpthread -liconv -lm -lxml2 -lexslt -lxslt -lxml2 -lz -lpthread -liconv -lm -lxml2 -lpthread -ldl -lobjc  "
conftest.c:5:15: warning: implicit declaration of function 'xmlHasFeature' is invalid in C99 [-Wimplicit-function-declaration]
int t(void) { xmlHasFeature(); return 0; }
              ^
1 warning generated.
checked program was:
/* begin */
 1: #include "ruby.h"
 2: 
 3: /*top*/
 4: extern int t(void);
 5: int t(void) { xmlHasFeature(); return 0; }
 6: int main(int argc, char **argv)
 7: {
 8:   if (argc > 1000000) {
 9:     printf("%p", &t);
10:   }
11: 
12:   return 0;
13: }
/* end */

--------------------

have_func: checking for xmlFirstElementChild()... -------------------- yes

"/usr/bin/clang -o conftest -I/Users/takuya/.rvm/rubies/ruby-2.0.0-p645/include/ruby-2.0.0/x86_64-darwin14.4.0 -I/Users/takuya/.rvm/rubies/ruby-2.0.0-p645/include/ruby-2.0.0/ruby/backward -I/Users/takuya/.rvm/rubies/ruby-2.0.0-p645/include/ruby-2.0.0 -I. -D_XOPEN_SOURCE -D_DARWIN_C_SOURCE -D_DARWIN_UNLIMITED_SELECT -D_REENTRANT -I/usr/local/opt/libyaml/include -I/usr/local/opt/readline/include -I/usr/local/opt/libksba/include -I/usr/local/opt/openssl/include    -O3 -fno-fast-math -ggdb3 -Wall -Wextra -Wno-unused-parameter -Wno-parentheses -Wno-long-long -Wno-missing-field-initializers -Wunused-variable -Wpointer-arith -Wwrite-strings -Wdeclaration-after-statement -Wshorten-64-to-32 -Wimplicit-function-declaration  -fno-common -pipe  -I/usr/local/Cellar/libxml2/2.9.2/include/libxml2 -I/usr/local/Cellar/libxslt/1.1.28_1/include -I/usr/local/Cellar/libxml2/2.9.2/include/libxml2 -I/usr/local/Cellar/libxslt/1.1.28_1/include -I/usr/local/Cellar/libxml2/2.9.2/include/libxml2 conftest.c  -L. -L/Users/takuya/.rvm/rubies/ruby-2.0.0-p645/lib -L/usr/local/opt/libyaml/lib -L/usr/local/opt/readline/lib -L/usr/local/opt/libksba/lib -L/usr/local/opt/openssl/lib -L. -fstack-protector -L/usr/local/opt/libyaml/lib -L/usr/local/opt/readline/lib -L/usr/local/opt/libksba/lib -L/usr/local/opt/openssl/lib  -L/usr/local/Cellar/libxml2/2.9.2/lib -L/usr/local/Cellar/libxslt/1.1.28_1/lib -L/usr/local/Cellar/libxml2/2.9.2/lib -L/usr/local/Cellar/libxslt/1.1.28_1/lib -L/usr/local/Cellar/libxml2/2.9.2/lib     -lxml2 -lxslt -lxml2 -lz -lpthread -liconv -lm -lxml2 -lexslt -lxslt -lxml2 -lz -lpthread -liconv -lm -lxml2 -lruby.2.0.0  -lxml2 -lxslt -lxml2 -lz -lpthread -liconv -lm -lxml2 -lexslt -lxslt -lxml2 -lz -lpthread -liconv -lm -lxml2 -lpthread -ldl -lobjc  "
conftest.c:5:57: error: use of undeclared identifier 'xmlFirstElementChild'
int t(void) { void ((*volatile p)()); p = (void ((*)()))xmlFirstElementChild; return 0; }
                                                        ^
1 error generated.
checked program was:
/* begin */
 1: #include "ruby.h"
 2: 
 3: /*top*/
 4: extern int t(void);
 5: int t(void) { void ((*volatile p)()); p = (void ((*)()))xmlFirstElementChild; return 0; }
 6: int main(int argc, char **argv)
 7: {
 8:   if (argc > 1000000) {
 9:     printf("%p", &t);
10:   }
11: 
12:   return 0;
13: }
/* end */

"/usr/bin/clang -o conftest -I/Users/takuya/.rvm/rubies/ruby-2.0.0-p645/include/ruby-2.0.0/x86_64-darwin14.4.0 -I/Users/takuya/.rvm/rubies/ruby-2.0.0-p645/include/ruby-2.0.0/ruby/backward -I/Users/takuya/.rvm/rubies/ruby-2.0.0-p645/include/ruby-2.0.0 -I. -D_XOPEN_SOURCE -D_DARWIN_C_SOURCE -D_DARWIN_UNLIMITED_SELECT -D_REENTRANT -I/usr/local/opt/libyaml/include -I/usr/local/opt/readline/include -I/usr/local/opt/libksba/include -I/usr/local/opt/openssl/include    -O3 -fno-fast-math -ggdb3 -Wall -Wextra -Wno-unused-parameter -Wno-parentheses -Wno-long-long -Wno-missing-field-initializers -Wunused-variable -Wpointer-arith -Wwrite-strings -Wdeclaration-after-statement -Wshorten-64-to-32 -Wimplicit-function-declaration  -fno-common -pipe  -I/usr/local/Cellar/libxml2/2.9.2/include/libxml2 -I/usr/local/Cellar/libxslt/1.1.28_1/include -I/usr/local/Cellar/libxml2/2.9.2/include/libxml2 -I/usr/local/Cellar/libxslt/1.1.28_1/include -I/usr/local/Cellar/libxml2/2.9.2/include/libxml2 conftest.c  -L. -L/Users/takuya/.rvm/rubies/ruby-2.0.0-p645/lib -L/usr/local/opt/libyaml/lib -L/usr/local/opt/readline/lib -L/usr/local/opt/libksba/lib -L/usr/local/opt/openssl/lib -L. -fstack-protector -L/usr/local/opt/libyaml/lib -L/usr/local/opt/readline/lib -L/usr/local/opt/libksba/lib -L/usr/local/opt/openssl/lib  -L/usr/local/Cellar/libxml2/2.9.2/lib -L/usr/local/Cellar/libxslt/1.1.28_1/lib -L/usr/local/Cellar/libxml2/2.9.2/lib -L/usr/local/Cellar/libxslt/1.1.28_1/lib -L/usr/local/Cellar/libxml2/2.9.2/lib     -lxml2 -lxslt -lxml2 -lz -lpthread -liconv -lm -lxml2 -lexslt -lxslt -lxml2 -lz -lpthread -liconv -lm -lxml2 -lruby.2.0.0  -lxml2 -lxslt -lxml2 -lz -lpthread -liconv -lm -lxml2 -lexslt -lxslt -lxml2 -lz -lpthread -liconv -lm -lxml2 -lpthread -ldl -lobjc  "
conftest.c:5:15: warning: implicit declaration of function 'xmlFirstElementChild' is invalid in C99 [-Wimplicit-function-declaration]
int t(void) { xmlFirstElementChild(); return 0; }
              ^
1 warning generated.
checked program was:
/* begin */
 1: #include "ruby.h"
 2: 
 3: /*top*/
 4: extern int t(void);
 5: int t(void) { xmlFirstElementChild(); return 0; }
 6: int main(int argc, char **argv)
 7: {
 8:   if (argc > 1000000) {
 9:     printf("%p", &t);
10:   }
11: 
12:   return 0;
13: }
/* end */

--------------------

have_func: checking for xmlRelaxNGSetParserStructuredErrors()... -------------------- yes

"/usr/bin/clang -o conftest -I/Users/takuya/.rvm/rubies/ruby-2.0.0-p645/include/ruby-2.0.0/x86_64-darwin14.4.0 -I/Users/takuya/.rvm/rubies/ruby-2.0.0-p645/include/ruby-2.0.0/ruby/backward -I/Users/takuya/.rvm/rubies/ruby-2.0.0-p645/include/ruby-2.0.0 -I. -D_XOPEN_SOURCE -D_DARWIN_C_SOURCE -D_DARWIN_UNLIMITED_SELECT -D_REENTRANT -I/usr/local/opt/libyaml/include -I/usr/local/opt/readline/include -I/usr/local/opt/libksba/include -I/usr/local/opt/openssl/include    -O3 -fno-fast-math -ggdb3 -Wall -Wextra -Wno-unused-parameter -Wno-parentheses -Wno-long-long -Wno-missing-field-initializers -Wunused-variable -Wpointer-arith -Wwrite-strings -Wdeclaration-after-statement -Wshorten-64-to-32 -Wimplicit-function-declaration  -fno-common -pipe  -I/usr/local/Cellar/libxml2/2.9.2/include/libxml2 -I/usr/local/Cellar/libxslt/1.1.28_1/include -I/usr/local/Cellar/libxml2/2.9.2/include/libxml2 -I/usr/local/Cellar/libxslt/1.1.28_1/include -I/usr/local/Cellar/libxml2/2.9.2/include/libxml2 conftest.c  -L. -L/Users/takuya/.rvm/rubies/ruby-2.0.0-p645/lib -L/usr/local/opt/libyaml/lib -L/usr/local/opt/readline/lib -L/usr/local/opt/libksba/lib -L/usr/local/opt/openssl/lib -L. -fstack-protector -L/usr/local/opt/libyaml/lib -L/usr/local/opt/readline/lib -L/usr/local/opt/libksba/lib -L/usr/local/opt/openssl/lib  -L/usr/local/Cellar/libxml2/2.9.2/lib -L/usr/local/Cellar/libxslt/1.1.28_1/lib -L/usr/local/Cellar/libxml2/2.9.2/lib -L/usr/local/Cellar/libxslt/1.1.28_1/lib -L/usr/local/Cellar/libxml2/2.9.2/lib     -lxml2 -lxslt -lxml2 -lz -lpthread -liconv -lm -lxml2 -lexslt -lxslt -lxml2 -lz -lpthread -liconv -lm -lxml2 -lruby.2.0.0  -lxml2 -lxslt -lxml2 -lz -lpthread -liconv -lm -lxml2 -lexslt -lxslt -lxml2 -lz -lpthread -liconv -lm -lxml2 -lpthread -ldl -lobjc  "
conftest.c:5:57: error: use of undeclared identifier 'xmlRelaxNGSetParserStructuredErrors'
int t(void) { void ((*volatile p)()); p = (void ((*)()))xmlRelaxNGSetParserStructuredErrors; return 0; }
                                                        ^
1 error generated.
checked program was:
/* begin */
 1: #include "ruby.h"
 2: 
 3: /*top*/
 4: extern int t(void);
 5: int t(void) { void ((*volatile p)()); p = (void ((*)()))xmlRelaxNGSetParserStructuredErrors; return 0; }
 6: int main(int argc, char **argv)
 7: {
 8:   if (argc > 1000000) {
 9:     printf("%p", &t);
10:   }
11: 
12:   return 0;
13: }
/* end */

"/usr/bin/clang -o conftest -I/Users/takuya/.rvm/rubies/ruby-2.0.0-p645/include/ruby-2.0.0/x86_64-darwin14.4.0 -I/Users/takuya/.rvm/rubies/ruby-2.0.0-p645/include/ruby-2.0.0/ruby/backward -I/Users/takuya/.rvm/rubies/ruby-2.0.0-p645/include/ruby-2.0.0 -I. -D_XOPEN_SOURCE -D_DARWIN_C_SOURCE -D_DARWIN_UNLIMITED_SELECT -D_REENTRANT -I/usr/local/opt/libyaml/include -I/usr/local/opt/readline/include -I/usr/local/opt/libksba/include -I/usr/local/opt/openssl/include    -O3 -fno-fast-math -ggdb3 -Wall -Wextra -Wno-unused-parameter -Wno-parentheses -Wno-long-long -Wno-missing-field-initializers -Wunused-variable -Wpointer-arith -Wwrite-strings -Wdeclaration-after-statement -Wshorten-64-to-32 -Wimplicit-function-declaration  -fno-common -pipe  -I/usr/local/Cellar/libxml2/2.9.2/include/libxml2 -I/usr/local/Cellar/libxslt/1.1.28_1/include -I/usr/local/Cellar/libxml2/2.9.2/include/libxml2 -I/usr/local/Cellar/libxslt/1.1.28_1/include -I/usr/local/Cellar/libxml2/2.9.2/include/libxml2 conftest.c  -L. -L/Users/takuya/.rvm/rubies/ruby-2.0.0-p645/lib -L/usr/local/opt/libyaml/lib -L/usr/local/opt/readline/lib -L/usr/local/opt/libksba/lib -L/usr/local/opt/openssl/lib -L. -fstack-protector -L/usr/local/opt/libyaml/lib -L/usr/local/opt/readline/lib -L/usr/local/opt/libksba/lib -L/usr/local/opt/openssl/lib  -L/usr/local/Cellar/libxml2/2.9.2/lib -L/usr/local/Cellar/libxslt/1.1.28_1/lib -L/usr/local/Cellar/libxml2/2.9.2/lib -L/usr/local/Cellar/libxslt/1.1.28_1/lib -L/usr/local/Cellar/libxml2/2.9.2/lib     -lxml2 -lxslt -lxml2 -lz -lpthread -liconv -lm -lxml2 -lexslt -lxslt -lxml2 -lz -lpthread -liconv -lm -lxml2 -lruby.2.0.0  -lxml2 -lxslt -lxml2 -lz -lpthread -liconv -lm -lxml2 -lexslt -lxslt -lxml2 -lz -lpthread -liconv -lm -lxml2 -lpthread -ldl -lobjc  "
conftest.c:5:15: warning: implicit declaration of function 'xmlRelaxNGSetParserStructuredErrors' is invalid in C99 [-Wimplicit-function-declaration]
int t(void) { xmlRelaxNGSetParserStructuredErrors(); return 0; }
              ^
1 warning generated.
checked program was:
/* begin */
 1: #include "ruby.h"
 2: 
 3: /*top*/
 4: extern int t(void);
 5: int t(void) { xmlRelaxNGSetParserStructuredErrors(); return 0; }
 6: int main(int argc, char **argv)
 7: {
 8:   if (argc > 1000000) {
 9:     printf("%p", &t);
10:   }
11: 
12:   return 0;
13: }
/* end */

--------------------

have_func: checking for xmlRelaxNGSetParserStructuredErrors()... -------------------- yes

"/usr/bin/clang -o conftest -I/Users/takuya/.rvm/rubies/ruby-2.0.0-p645/include/ruby-2.0.0/x86_64-darwin14.4.0 -I/Users/takuya/.rvm/rubies/ruby-2.0.0-p645/include/ruby-2.0.0/ruby/backward -I/Users/takuya/.rvm/rubies/ruby-2.0.0-p645/include/ruby-2.0.0 -I. -D_XOPEN_SOURCE -D_DARWIN_C_SOURCE -D_DARWIN_UNLIMITED_SELECT -D_REENTRANT -I/usr/local/opt/libyaml/include -I/usr/local/opt/readline/include -I/usr/local/opt/libksba/include -I/usr/local/opt/openssl/include    -O3 -fno-fast-math -ggdb3 -Wall -Wextra -Wno-unused-parameter -Wno-parentheses -Wno-long-long -Wno-missing-field-initializers -Wunused-variable -Wpointer-arith -Wwrite-strings -Wdeclaration-after-statement -Wshorten-64-to-32 -Wimplicit-function-declaration  -fno-common -pipe  -I/usr/local/Cellar/libxml2/2.9.2/include/libxml2 -I/usr/local/Cellar/libxslt/1.1.28_1/include -I/usr/local/Cellar/libxml2/2.9.2/include/libxml2 -I/usr/local/Cellar/libxslt/1.1.28_1/include -I/usr/local/Cellar/libxml2/2.9.2/include/libxml2 conftest.c  -L. -L/Users/takuya/.rvm/rubies/ruby-2.0.0-p645/lib -L/usr/local/opt/libyaml/lib -L/usr/local/opt/readline/lib -L/usr/local/opt/libksba/lib -L/usr/local/opt/openssl/lib -L. -fstack-protector -L/usr/local/opt/libyaml/lib -L/usr/local/opt/readline/lib -L/usr/local/opt/libksba/lib -L/usr/local/opt/openssl/lib  -L/usr/local/Cellar/libxml2/2.9.2/lib -L/usr/local/Cellar/libxslt/1.1.28_1/lib -L/usr/local/Cellar/libxml2/2.9.2/lib -L/usr/local/Cellar/libxslt/1.1.28_1/lib -L/usr/local/Cellar/libxml2/2.9.2/lib     -lxml2 -lxslt -lxml2 -lz -lpthread -liconv -lm -lxml2 -lexslt -lxslt -lxml2 -lz -lpthread -liconv -lm -lxml2 -lruby.2.0.0  -lxml2 -lxslt -lxml2 -lz -lpthread -liconv -lm -lxml2 -lexslt -lxslt -lxml2 -lz -lpthread -liconv -lm -lxml2 -lpthread -ldl -lobjc  "
conftest.c:5:57: error: use of undeclared identifier 'xmlRelaxNGSetParserStructuredErrors'
int t(void) { void ((*volatile p)()); p = (void ((*)()))xmlRelaxNGSetParserStructuredErrors; return 0; }
                                                        ^
1 error generated.
checked program was:
/* begin */
 1: #include "ruby.h"
 2: 
 3: /*top*/
 4: extern int t(void);
 5: int t(void) { void ((*volatile p)()); p = (void ((*)()))xmlRelaxNGSetParserStructuredErrors; return 0; }
 6: int main(int argc, char **argv)
 7: {
 8:   if (argc > 1000000) {
 9:     printf("%p", &t);
10:   }
11: 
12:   return 0;
13: }
/* end */

"/usr/bin/clang -o conftest -I/Users/takuya/.rvm/rubies/ruby-2.0.0-p645/include/ruby-2.0.0/x86_64-darwin14.4.0 -I/Users/takuya/.rvm/rubies/ruby-2.0.0-p645/include/ruby-2.0.0/ruby/backward -I/Users/takuya/.rvm/rubies/ruby-2.0.0-p645/include/ruby-2.0.0 -I. -D_XOPEN_SOURCE -D_DARWIN_C_SOURCE -D_DARWIN_UNLIMITED_SELECT -D_REENTRANT -I/usr/local/opt/libyaml/include -I/usr/local/opt/readline/include -I/usr/local/opt/libksba/include -I/usr/local/opt/openssl/include    -O3 -fno-fast-math -ggdb3 -Wall -Wextra -Wno-unused-parameter -Wno-parentheses -Wno-long-long -Wno-missing-field-initializers -Wunused-variable -Wpointer-arith -Wwrite-strings -Wdeclaration-after-statement -Wshorten-64-to-32 -Wimplicit-function-declaration  -fno-common -pipe  -I/usr/local/Cellar/libxml2/2.9.2/include/libxml2 -I/usr/local/Cellar/libxslt/1.1.28_1/include -I/usr/local/Cellar/libxml2/2.9.2/include/libxml2 -I/usr/local/Cellar/libxslt/1.1.28_1/include -I/usr/local/Cellar/libxml2/2.9.2/include/libxml2 conftest.c  -L. -L/Users/takuya/.rvm/rubies/ruby-2.0.0-p645/lib -L/usr/local/opt/libyaml/lib -L/usr/local/opt/readline/lib -L/usr/local/opt/libksba/lib -L/usr/local/opt/openssl/lib -L. -fstack-protector -L/usr/local/opt/libyaml/lib -L/usr/local/opt/readline/lib -L/usr/local/opt/libksba/lib -L/usr/local/opt/openssl/lib  -L/usr/local/Cellar/libxml2/2.9.2/lib -L/usr/local/Cellar/libxslt/1.1.28_1/lib -L/usr/local/Cellar/libxml2/2.9.2/lib -L/usr/local/Cellar/libxslt/1.1.28_1/lib -L/usr/local/Cellar/libxml2/2.9.2/lib     -lxml2 -lxslt -lxml2 -lz -lpthread -liconv -lm -lxml2 -lexslt -lxslt -lxml2 -lz -lpthread -liconv -lm -lxml2 -lruby.2.0.0  -lxml2 -lxslt -lxml2 -lz -lpthread -liconv -lm -lxml2 -lexslt -lxslt -lxml2 -lz -lpthread -liconv -lm -lxml2 -lpthread -ldl -lobjc  "
conftest.c:5:15: warning: implicit declaration of function 'xmlRelaxNGSetParserStructuredErrors' is invalid in C99 [-Wimplicit-function-declaration]
int t(void) { xmlRelaxNGSetParserStructuredErrors(); return 0; }
              ^
1 warning generated.
checked program was:
/* begin */
 1: #include "ruby.h"
 2: 
 3: /*top*/
 4: extern int t(void);
 5: int t(void) { xmlRelaxNGSetParserStructuredErrors(); return 0; }
 6: int main(int argc, char **argv)
 7: {
 8:   if (argc > 1000000) {
 9:     printf("%p", &t);
10:   }
11: 
12:   return 0;
13: }
/* end */

--------------------

have_func: checking for xmlRelaxNGSetValidStructuredErrors()... -------------------- yes

"/usr/bin/clang -o conftest -I/Users/takuya/.rvm/rubies/ruby-2.0.0-p645/include/ruby-2.0.0/x86_64-darwin14.4.0 -I/Users/takuya/.rvm/rubies/ruby-2.0.0-p645/include/ruby-2.0.0/ruby/backward -I/Users/takuya/.rvm/rubies/ruby-2.0.0-p645/include/ruby-2.0.0 -I. -D_XOPEN_SOURCE -D_DARWIN_C_SOURCE -D_DARWIN_UNLIMITED_SELECT -D_REENTRANT -I/usr/local/opt/libyaml/include -I/usr/local/opt/readline/include -I/usr/local/opt/libksba/include -I/usr/local/opt/openssl/include    -O3 -fno-fast-math -ggdb3 -Wall -Wextra -Wno-unused-parameter -Wno-parentheses -Wno-long-long -Wno-missing-field-initializers -Wunused-variable -Wpointer-arith -Wwrite-strings -Wdeclaration-after-statement -Wshorten-64-to-32 -Wimplicit-function-declaration  -fno-common -pipe  -I/usr/local/Cellar/libxml2/2.9.2/include/libxml2 -I/usr/local/Cellar/libxslt/1.1.28_1/include -I/usr/local/Cellar/libxml2/2.9.2/include/libxml2 -I/usr/local/Cellar/libxslt/1.1.28_1/include -I/usr/local/Cellar/libxml2/2.9.2/include/libxml2 conftest.c  -L. -L/Users/takuya/.rvm/rubies/ruby-2.0.0-p645/lib -L/usr/local/opt/libyaml/lib -L/usr/local/opt/readline/lib -L/usr/local/opt/libksba/lib -L/usr/local/opt/openssl/lib -L. -fstack-protector -L/usr/local/opt/libyaml/lib -L/usr/local/opt/readline/lib -L/usr/local/opt/libksba/lib -L/usr/local/opt/openssl/lib  -L/usr/local/Cellar/libxml2/2.9.2/lib -L/usr/local/Cellar/libxslt/1.1.28_1/lib -L/usr/local/Cellar/libxml2/2.9.2/lib -L/usr/local/Cellar/libxslt/1.1.28_1/lib -L/usr/local/Cellar/libxml2/2.9.2/lib     -lxml2 -lxslt -lxml2 -lz -lpthread -liconv -lm -lxml2 -lexslt -lxslt -lxml2 -lz -lpthread -liconv -lm -lxml2 -lruby.2.0.0  -lxml2 -lxslt -lxml2 -lz -lpthread -liconv -lm -lxml2 -lexslt -lxslt -lxml2 -lz -lpthread -liconv -lm -lxml2 -lpthread -ldl -lobjc  "
conftest.c:5:57: error: use of undeclared identifier 'xmlRelaxNGSetValidStructuredErrors'
int t(void) { void ((*volatile p)()); p = (void ((*)()))xmlRelaxNGSetValidStructuredErrors; return 0; }
                                                        ^
1 error generated.
checked program was:
/* begin */
 1: #include "ruby.h"
 2: 
 3: /*top*/
 4: extern int t(void);
 5: int t(void) { void ((*volatile p)()); p = (void ((*)()))xmlRelaxNGSetValidStructuredErrors; return 0; }
 6: int main(int argc, char **argv)
 7: {
 8:   if (argc > 1000000) {
 9:     printf("%p", &t);
10:   }
11: 
12:   return 0;
13: }
/* end */

"/usr/bin/clang -o conftest -I/Users/takuya/.rvm/rubies/ruby-2.0.0-p645/include/ruby-2.0.0/x86_64-darwin14.4.0 -I/Users/takuya/.rvm/rubies/ruby-2.0.0-p645/include/ruby-2.0.0/ruby/backward -I/Users/takuya/.rvm/rubies/ruby-2.0.0-p645/include/ruby-2.0.0 -I. -D_XOPEN_SOURCE -D_DARWIN_C_SOURCE -D_DARWIN_UNLIMITED_SELECT -D_REENTRANT -I/usr/local/opt/libyaml/include -I/usr/local/opt/readline/include -I/usr/local/opt/libksba/include -I/usr/local/opt/openssl/include    -O3 -fno-fast-math -ggdb3 -Wall -Wextra -Wno-unused-parameter -Wno-parentheses -Wno-long-long -Wno-missing-field-initializers -Wunused-variable -Wpointer-arith -Wwrite-strings -Wdeclaration-after-statement -Wshorten-64-to-32 -Wimplicit-function-declaration  -fno-common -pipe  -I/usr/local/Cellar/libxml2/2.9.2/include/libxml2 -I/usr/local/Cellar/libxslt/1.1.28_1/include -I/usr/local/Cellar/libxml2/2.9.2/include/libxml2 -I/usr/local/Cellar/libxslt/1.1.28_1/include -I/usr/local/Cellar/libxml2/2.9.2/include/libxml2 conftest.c  -L. -L/Users/takuya/.rvm/rubies/ruby-2.0.0-p645/lib -L/usr/local/opt/libyaml/lib -L/usr/local/opt/readline/lib -L/usr/local/opt/libksba/lib -L/usr/local/opt/openssl/lib -L. -fstack-protector -L/usr/local/opt/libyaml/lib -L/usr/local/opt/readline/lib -L/usr/local/opt/libksba/lib -L/usr/local/opt/openssl/lib  -L/usr/local/Cellar/libxml2/2.9.2/lib -L/usr/local/Cellar/libxslt/1.1.28_1/lib -L/usr/local/Cellar/libxml2/2.9.2/lib -L/usr/local/Cellar/libxslt/1.1.28_1/lib -L/usr/local/Cellar/libxml2/2.9.2/lib     -lxml2 -lxslt -lxml2 -lz -lpthread -liconv -lm -lxml2 -lexslt -lxslt -lxml2 -lz -lpthread -liconv -lm -lxml2 -lruby.2.0.0  -lxml2 -lxslt -lxml2 -lz -lpthread -liconv -lm -lxml2 -lexslt -lxslt -lxml2 -lz -lpthread -liconv -lm -lxml2 -lpthread -ldl -lobjc  "
conftest.c:5:15: warning: implicit declaration of function 'xmlRelaxNGSetValidStructuredErrors' is invalid in C99 [-Wimplicit-function-declaration]
int t(void) { xmlRelaxNGSetValidStructuredErrors(); return 0; }
              ^
1 warning generated.
checked program was:
/* begin */
 1: #include "ruby.h"
 2: 
 3: /*top*/
 4: extern int t(void);
 5: int t(void) { xmlRelaxNGSetValidStructuredErrors(); return 0; }
 6: int main(int argc, char **argv)
 7: {
 8:   if (argc > 1000000) {
 9:     printf("%p", &t);
10:   }
11: 
12:   return 0;
13: }
/* end */

--------------------

have_func: checking for xmlSchemaSetValidStructuredErrors()... -------------------- yes

"/usr/bin/clang -o conftest -I/Users/takuya/.rvm/rubies/ruby-2.0.0-p645/include/ruby-2.0.0/x86_64-darwin14.4.0 -I/Users/takuya/.rvm/rubies/ruby-2.0.0-p645/include/ruby-2.0.0/ruby/backward -I/Users/takuya/.rvm/rubies/ruby-2.0.0-p645/include/ruby-2.0.0 -I. -D_XOPEN_SOURCE -D_DARWIN_C_SOURCE -D_DARWIN_UNLIMITED_SELECT -D_REENTRANT -I/usr/local/opt/libyaml/include -I/usr/local/opt/readline/include -I/usr/local/opt/libksba/include -I/usr/local/opt/openssl/include    -O3 -fno-fast-math -ggdb3 -Wall -Wextra -Wno-unused-parameter -Wno-parentheses -Wno-long-long -Wno-missing-field-initializers -Wunused-variable -Wpointer-arith -Wwrite-strings -Wdeclaration-after-statement -Wshorten-64-to-32 -Wimplicit-function-declaration  -fno-common -pipe  -I/usr/local/Cellar/libxml2/2.9.2/include/libxml2 -I/usr/local/Cellar/libxslt/1.1.28_1/include -I/usr/local/Cellar/libxml2/2.9.2/include/libxml2 -I/usr/local/Cellar/libxslt/1.1.28_1/include -I/usr/local/Cellar/libxml2/2.9.2/include/libxml2 conftest.c  -L. -L/Users/takuya/.rvm/rubies/ruby-2.0.0-p645/lib -L/usr/local/opt/libyaml/lib -L/usr/local/opt/readline/lib -L/usr/local/opt/libksba/lib -L/usr/local/opt/openssl/lib -L. -fstack-protector -L/usr/local/opt/libyaml/lib -L/usr/local/opt/readline/lib -L/usr/local/opt/libksba/lib -L/usr/local/opt/openssl/lib  -L/usr/local/Cellar/libxml2/2.9.2/lib -L/usr/local/Cellar/libxslt/1.1.28_1/lib -L/usr/local/Cellar/libxml2/2.9.2/lib -L/usr/local/Cellar/libxslt/1.1.28_1/lib -L/usr/local/Cellar/libxml2/2.9.2/lib     -lxml2 -lxslt -lxml2 -lz -lpthread -liconv -lm -lxml2 -lexslt -lxslt -lxml2 -lz -lpthread -liconv -lm -lxml2 -lruby.2.0.0  -lxml2 -lxslt -lxml2 -lz -lpthread -liconv -lm -lxml2 -lexslt -lxslt -lxml2 -lz -lpthread -liconv -lm -lxml2 -lpthread -ldl -lobjc  "
conftest.c:5:57: error: use of undeclared identifier 'xmlSchemaSetValidStructuredErrors'
int t(void) { void ((*volatile p)()); p = (void ((*)()))xmlSchemaSetValidStructuredErrors; return 0; }
                                                        ^
1 error generated.
checked program was:
/* begin */
 1: #include "ruby.h"
 2: 
 3: /*top*/
 4: extern int t(void);
 5: int t(void) { void ((*volatile p)()); p = (void ((*)()))xmlSchemaSetValidStructuredErrors; return 0; }
 6: int main(int argc, char **argv)
 7: {
 8:   if (argc > 1000000) {
 9:     printf("%p", &t);
10:   }
11: 
12:   return 0;
13: }
/* end */

"/usr/bin/clang -o conftest -I/Users/takuya/.rvm/rubies/ruby-2.0.0-p645/include/ruby-2.0.0/x86_64-darwin14.4.0 -I/Users/takuya/.rvm/rubies/ruby-2.0.0-p645/include/ruby-2.0.0/ruby/backward -I/Users/takuya/.rvm/rubies/ruby-2.0.0-p645/include/ruby-2.0.0 -I. -D_XOPEN_SOURCE -D_DARWIN_C_SOURCE -D_DARWIN_UNLIMITED_SELECT -D_REENTRANT -I/usr/local/opt/libyaml/include -I/usr/local/opt/readline/include -I/usr/local/opt/libksba/include -I/usr/local/opt/openssl/include    -O3 -fno-fast-math -ggdb3 -Wall -Wextra -Wno-unused-parameter -Wno-parentheses -Wno-long-long -Wno-missing-field-initializers -Wunused-variable -Wpointer-arith -Wwrite-strings -Wdeclaration-after-statement -Wshorten-64-to-32 -Wimplicit-function-declaration  -fno-common -pipe  -I/usr/local/Cellar/libxml2/2.9.2/include/libxml2 -I/usr/local/Cellar/libxslt/1.1.28_1/include -I/usr/local/Cellar/libxml2/2.9.2/include/libxml2 -I/usr/local/Cellar/libxslt/1.1.28_1/include -I/usr/local/Cellar/libxml2/2.9.2/include/libxml2 conftest.c  -L. -L/Users/takuya/.rvm/rubies/ruby-2.0.0-p645/lib -L/usr/local/opt/libyaml/lib -L/usr/local/opt/readline/lib -L/usr/local/opt/libksba/lib -L/usr/local/opt/openssl/lib -L. -fstack-protector -L/usr/local/opt/libyaml/lib -L/usr/local/opt/readline/lib -L/usr/local/opt/libksba/lib -L/usr/local/opt/openssl/lib  -L/usr/local/Cellar/libxml2/2.9.2/lib -L/usr/local/Cellar/libxslt/1.1.28_1/lib -L/usr/local/Cellar/libxml2/2.9.2/lib -L/usr/local/Cellar/libxslt/1.1.28_1/lib -L/usr/local/Cellar/libxml2/2.9.2/lib     -lxml2 -lxslt -lxml2 -lz -lpthread -liconv -lm -lxml2 -lexslt -lxslt -lxml2 -lz -lpthread -liconv -lm -lxml2 -lruby.2.0.0  -lxml2 -lxslt -lxml2 -lz -lpthread -liconv -lm -lxml2 -lexslt -lxslt -lxml2 -lz -lpthread -liconv -lm -lxml2 -lpthread -ldl -lobjc  "
conftest.c:5:15: warning: implicit declaration of function 'xmlSchemaSetValidStructuredErrors' is invalid in C99 [-Wimplicit-function-declaration]
int t(void) { xmlSchemaSetValidStructuredErrors(); return 0; }
              ^
1 warning generated.
checked program was:
/* begin */
 1: #include "ruby.h"
 2: 
 3: /*top*/
 4: extern int t(void);
 5: int t(void) { xmlSchemaSetValidStructuredErrors(); return 0; }
 6: int main(int argc, char **argv)
 7: {
 8:   if (argc > 1000000) {
 9:     printf("%p", &t);
10:   }
11: 
12:   return 0;
13: }
/* end */

--------------------

have_func: checking for xmlSchemaSetParserStructuredErrors()... -------------------- yes

"/usr/bin/clang -o conftest -I/Users/takuya/.rvm/rubies/ruby-2.0.0-p645/include/ruby-2.0.0/x86_64-darwin14.4.0 -I/Users/takuya/.rvm/rubies/ruby-2.0.0-p645/include/ruby-2.0.0/ruby/backward -I/Users/takuya/.rvm/rubies/ruby-2.0.0-p645/include/ruby-2.0.0 -I. -D_XOPEN_SOURCE -D_DARWIN_C_SOURCE -D_DARWIN_UNLIMITED_SELECT -D_REENTRANT -I/usr/local/opt/libyaml/include -I/usr/local/opt/readline/include -I/usr/local/opt/libksba/include -I/usr/local/opt/openssl/include    -O3 -fno-fast-math -ggdb3 -Wall -Wextra -Wno-unused-parameter -Wno-parentheses -Wno-long-long -Wno-missing-field-initializers -Wunused-variable -Wpointer-arith -Wwrite-strings -Wdeclaration-after-statement -Wshorten-64-to-32 -Wimplicit-function-declaration  -fno-common -pipe  -I/usr/local/Cellar/libxml2/2.9.2/include/libxml2 -I/usr/local/Cellar/libxslt/1.1.28_1/include -I/usr/local/Cellar/libxml2/2.9.2/include/libxml2 -I/usr/local/Cellar/libxslt/1.1.28_1/include -I/usr/local/Cellar/libxml2/2.9.2/include/libxml2 conftest.c  -L. -L/Users/takuya/.rvm/rubies/ruby-2.0.0-p645/lib -L/usr/local/opt/libyaml/lib -L/usr/local/opt/readline/lib -L/usr/local/opt/libksba/lib -L/usr/local/opt/openssl/lib -L. -fstack-protector -L/usr/local/opt/libyaml/lib -L/usr/local/opt/readline/lib -L/usr/local/opt/libksba/lib -L/usr/local/opt/openssl/lib  -L/usr/local/Cellar/libxml2/2.9.2/lib -L/usr/local/Cellar/libxslt/1.1.28_1/lib -L/usr/local/Cellar/libxml2/2.9.2/lib -L/usr/local/Cellar/libxslt/1.1.28_1/lib -L/usr/local/Cellar/libxml2/2.9.2/lib     -lxml2 -lxslt -lxml2 -lz -lpthread -liconv -lm -lxml2 -lexslt -lxslt -lxml2 -lz -lpthread -liconv -lm -lxml2 -lruby.2.0.0  -lxml2 -lxslt -lxml2 -lz -lpthread -liconv -lm -lxml2 -lexslt -lxslt -lxml2 -lz -lpthread -liconv -lm -lxml2 -lpthread -ldl -lobjc  "
conftest.c:5:57: error: use of undeclared identifier 'xmlSchemaSetParserStructuredErrors'
int t(void) { void ((*volatile p)()); p = (void ((*)()))xmlSchemaSetParserStructuredErrors; return 0; }
                                                        ^
1 error generated.
checked program was:
/* begin */
 1: #include "ruby.h"
 2: 
 3: /*top*/
 4: extern int t(void);
 5: int t(void) { void ((*volatile p)()); p = (void ((*)()))xmlSchemaSetParserStructuredErrors; return 0; }
 6: int main(int argc, char **argv)
 7: {
 8:   if (argc > 1000000) {
 9:     printf("%p", &t);
10:   }
11: 
12:   return 0;
13: }
/* end */

"/usr/bin/clang -o conftest -I/Users/takuya/.rvm/rubies/ruby-2.0.0-p645/include/ruby-2.0.0/x86_64-darwin14.4.0 -I/Users/takuya/.rvm/rubies/ruby-2.0.0-p645/include/ruby-2.0.0/ruby/backward -I/Users/takuya/.rvm/rubies/ruby-2.0.0-p645/include/ruby-2.0.0 -I. -D_XOPEN_SOURCE -D_DARWIN_C_SOURCE -D_DARWIN_UNLIMITED_SELECT -D_REENTRANT -I/usr/local/opt/libyaml/include -I/usr/local/opt/readline/include -I/usr/local/opt/libksba/include -I/usr/local/opt/openssl/include    -O3 -fno-fast-math -ggdb3 -Wall -Wextra -Wno-unused-parameter -Wno-parentheses -Wno-long-long -Wno-missing-field-initializers -Wunused-variable -Wpointer-arith -Wwrite-strings -Wdeclaration-after-statement -Wshorten-64-to-32 -Wimplicit-function-declaration  -fno-common -pipe  -I/usr/local/Cellar/libxml2/2.9.2/include/libxml2 -I/usr/local/Cellar/libxslt/1.1.28_1/include -I/usr/local/Cellar/libxml2/2.9.2/include/libxml2 -I/usr/local/Cellar/libxslt/1.1.28_1/include -I/usr/local/Cellar/libxml2/2.9.2/include/libxml2 conftest.c  -L. -L/Users/takuya/.rvm/rubies/ruby-2.0.0-p645/lib -L/usr/local/opt/libyaml/lib -L/usr/local/opt/readline/lib -L/usr/local/opt/libksba/lib -L/usr/local/opt/openssl/lib -L. -fstack-protector -L/usr/local/opt/libyaml/lib -L/usr/local/opt/readline/lib -L/usr/local/opt/libksba/lib -L/usr/local/opt/openssl/lib  -L/usr/local/Cellar/libxml2/2.9.2/lib -L/usr/local/Cellar/libxslt/1.1.28_1/lib -L/usr/local/Cellar/libxml2/2.9.2/lib -L/usr/local/Cellar/libxslt/1.1.28_1/lib -L/usr/local/Cellar/libxml2/2.9.2/lib     -lxml2 -lxslt -lxml2 -lz -lpthread -liconv -lm -lxml2 -lexslt -lxslt -lxml2 -lz -lpthread -liconv -lm -lxml2 -lruby.2.0.0  -lxml2 -lxslt -lxml2 -lz -lpthread -liconv -lm -lxml2 -lexslt -lxslt -lxml2 -lz -lpthread -liconv -lm -lxml2 -lpthread -ldl -lobjc  "
conftest.c:5:15: warning: implicit declaration of function 'xmlSchemaSetParserStructuredErrors' is invalid in C99 [-Wimplicit-function-declaration]
int t(void) { xmlSchemaSetParserStructuredErrors(); return 0; }
              ^
1 warning generated.
checked program was:
/* begin */
 1: #include "ruby.h"
 2: 
 3: /*top*/
 4: extern int t(void);
 5: int t(void) { xmlSchemaSetParserStructuredErrors(); return 0; }
 6: int main(int argc, char **argv)
 7: {
 8:   if (argc > 1000000) {
 9:     printf("%p", &t);
10:   }
11: 
12:   return 0;
13: }
/* end */

--------------------

